Добро пожаловать в DevOps AI!
Сгенерированная команда: Для создания нового веб-приложения, который будет использовать обработку событий в нейросетях (например, веб-формы или апи), вам нужно реализовать папку `web` и файл `app.py`, чтобы смочь созвести концентрованный веб-приложение на Python.

Создайте новый файл `app.py`. Он должен иметь форму следующего вида:

```python
import flask
from flask_wtf import FlaskForm
from wtforms import StringField, SubmitField
from wtforms.validators import DataRequired

class SignUpForm(FlaskForm):
    username = StringField('username', [DataRequired()])
    password = PasswordField('password', [DataRequired()])
    submit = SubmitField('submit')

```

В файле `app.py` добавьте следующий код:

```python
from flask import Flask, render_template, request
import wtforms
from wtforms.validators import DataRequired

app = Flask(__name__)

@app.route('/')
def home():
    return render_template('index.html')


@app.route('/signup', methods=['GET', 'POST'])
def signup():
    form = SignUpForm(request.form)
    if request.method == 'POST' and form.validate():
        user = {
            'username': form.username.data,
            'password': form.password.data
        }
        db.session.add(user)
        db.session.commit()
        return redirect('/login')
    return render_template('signup.html', form=form)
```

Вам нужно добавить следующую код в файл `app.py`:

```python
from flask import url_for, request

@app.route('/login')
def login():
    return render_template('login.html', form=SignInForm())


class SignInForm(FlaskForm):
    email = StringField('email', [DataRequired(), Email()])
    password = PasswordField('password', [DataRequired()])
    next_page = SubmitField('next')
```

И запустите указанный пример с помощью команды:

```python
flask run
```

Теперь вы можете настроить веб-приложение и создавать веб-формы, а также обрабатывать события в нейросетях.
Неизвестная команда, выполните вручную.
INFO: Добро пожаловать в DevOps AI!
INFO: Сгенерированная команда: Sure! Here's an example of a simple web form on HTML:

```html
<!DOCTYPE html>
<html>
    <head>
        <title>Simple Web Form</title>
        <style>
            body {
                background-color: #fafafa;
                font-family: Arial, sans-serif;
                margin: 0;
                padding: 20px;
            }
            
            form {
                max-width: 500px;
                padding: 40px;
                margin: auto;
            }
            
            label {
                display: block;
                font-weight: bold;
            }
            
            input[type="text"], input[type="email"] {
                width: 100%;
                padding: 10px;
                border: 1px solid #ccc;
                border-radius: 3px;
                margin-top: 5px;
            }
            
            button {
                background-color: #4CAF50;
                color: white;
                padding: 10px;
                border: none;
                border-radius: 3px;
                cursor: pointer;
                margin-top: 20px;
            }
        </style>
    </head>
    <body>
        <h2>Simple Web Form</h2>
        <form method="POST">
            <label for="name">Name:</label>
            <input type="text" name="name" id="name"><br><br>
            <label for="email">Email:</label>
            <input type="email" name="email" id="email"><br><br>
            <button type="submit">Submit</button>
        </form>
    </body>
</html>
```

In this example, we've added labels to our form inputs and styled them with some basic CSS. We also added a submit button with some basic HTML markup for the form submission. You can customize these elements and styles as needed based on your specific use case.
INFO: Неизвестная команда, выполните вручную.
INFO: Добро пожаловать в DevOps AI!
INFO: Сгенерированная команда: Для создания HTML-страницы, нужно поместить её в каталог с нашим файлом index.js. В этом файле мы добавим html страницу. Для того чтобы она открывалась по умолчанию (открываться по пути /), нужно примерно так:

```

INFO: Неизвестная команда, выполните вручную.
INFO: Добро пожаловать в DevOps AI!
INFO: Сгенерированная команда: Да, я также является помощной айту поставщика услуг в Интернете.
INFO: Неизвестная команда, выполните вручную.
INFO: Добро пожаловать в DevOps AI!
INFO: Сгенерированная команда: Salam (Hi there!)

Hello! My name is Helo, and I'm a virtual assistant that can help you with various tasks like responding to messages or answering basic questions. With me by your side, you don't have to worry about managing all the different aspects of your life, such as scheduling meetings, dealing with emails, or even taking care of your daily chores. All you need to do is sit back and let Helo take care of everything for you.

Don't hesitate to get in touch if you have any questions, concerns, or requests. I'm always here to assist you, and I'll be happy to help you with anything that comes your way. Feel free to reach out anytime, day or night, whenever it suits you best. Thank you for choosing Helo, and may the universe guide us through our paths together!
INFO: Неизвестная команда, выполните вручную.
